Week 08/GeofencingApp/app/build/intermediates/manifest_merge_blame_file/debug/manifest-merger-blame-debug-report.txt
1<?xml version="1.0" encoding="utf-8"?>
2<manifest xmlns:android="http://schemas.android.com/apk/res/android"
3    package="com.example.myapplication"
4    android:versionCode="1"
5    android:versionName="1.0" >
6
7    <uses-sdk
8        android:minSdkVersion="16"
8-->src\main\AndroidManifest.xml
9        android:targetSdkVersion="30" />
9-->src\main\AndroidManifest.xml
10
11    <uses-permission android:name="android.permission.ACCESS_FINE_LOCATION" />
11-->src\main\AndroidManifest.xml:4:5-78
11-->src\main\AndroidManifest.xml:4:22-76
12
13    <application
13-->src\main\AndroidManifest.xml:5:5-19:19
14        android:allowBackup="true"
14-->src\main\AndroidManifest.xml:6:9-35
15        android:appComponentFactory="androidx.core.app.CoreComponentFactory"
15-->[androidx.core:core:1.3.1] AndroidManifest.xml:24:18-86
16        android:debuggable="true"
17        android:icon="@mipmap/ic_launcher"
17-->src\main\AndroidManifest.xml:7:9-43
18        android:label="@string/app_name"
18-->src\main\AndroidManifest.xml:8:9-41
19        android:roundIcon="@mipmap/ic_launcher_round"
19-->src\main\AndroidManifest.xml:9:9-54
20        android:supportsRtl="true"
20-->src\main\AndroidManifest.xml:10:9-35
21        android:testOnly="true"
22        android:theme="@style/Theme.MyApplication" >
22-->src\main\AndroidManifest.xml:11:9-51
23        <activity android:name="com.example.myapplication.MainActivity" >
23-->src\main\AndroidManifest.xml:12:9-18:20
23-->src\main\AndroidManifest.xml:12:19-47
24            <intent-filter>
24-->src\main\AndroidManifest.xml:13:13-17:29
25                <action android:name="android.intent.action.MAIN" />
25-->src\main\AndroidManifest.xml:14:17-69
25-->src\main\AndroidManifest.xml:14:25-66
26
27                <category android:name="android.intent.category.LAUNCHER" />
27-->src\main\AndroidManifest.xml:16:17-77
27-->src\main\AndroidManifest.xml:16:27-74
28            </intent-filter>
29        </activity>
30        <activity
30-->[com.karumi:dexter:4.2.0] AndroidManifest.xml:27:9-29:72
31            android:name="com.karumi.dexter.DexterActivity"
31-->[com.karumi:dexter:4.2.0] AndroidManifest.xml:28:13-60
32            android:theme="@style/Dexter.Internal.Theme.Transparent" />
32-->[com.karumi:dexter:4.2.0] AndroidManifest.xml:29:13-69
33        <activity
33-->[com.google.android.gms:play-services-base:15.0.1] AndroidManifest.xml:23:9-26:75
34            android:name="com.google.android.gms.common.api.GoogleApiActivity"
34-->[com.google.android.gms:play-services-base:15.0.1] AndroidManifest.xml:24:13-79
35            android:exported="false"
35-->[com.google.android.gms:play-services-base:15.0.1] AndroidManifest.xml:25:13-37
36            android:theme="@android:style/Theme.Translucent.NoTitleBar" />
36-->[com.google.android.gms:play-services-base:15.0.1] AndroidManifest.xml:26:13-72
37
38        <meta-data
38-->[com.google.android.gms:play-services-basement:15.0.1] AndroidManifest.xml:23:9-25:69
39            android:name="com.google.android.gms.version"
39-->[com.google.android.gms:play-services-basement:15.0.1] AndroidManifest.xml:24:13-58
40            android:value="@integer/google_play_services_version" />
40-->[com.google.android.gms:play-services-basement:15.0.1] AndroidManifest.xml:25:13-66
41    </application>
42
43</manifest>